MIF/HEX Update report for MyPiano
Tue Oct 27 23:27:50 2015
Quartus II 64-Bit Version 13.0.0 Build 156 04/24/2013 SJ Web Edition


---------------------
; Table of Contents ;
---------------------
  1. Legal Notice
  2. MIF/HEX Update Summary
  3. MIF/HEX Update Processed Files
  4. MIF/HEX Update Messages



----------------
; Legal Notice ;
----------------
Copyright (C) 1991-2013 Altera Corporation
Your use of Altera Corporation's design tools, logic functions 
and other software and tools, and its AMPP partner logic 
functions, and any output files from any of the foregoing 
(including device programming or simulation files), and any 
associated documentation or information are expressly subject 
to the terms and conditions of the Altera Program License 
Subscription Agreement, Altera MegaCore Function License 
Agreement, or other applicable license agreement, including, 
without limitation, that your use is for the sole purpose of 
programming logic devices manufactured by Altera and sold by 
Altera or its authorized distributors.  Please refer to the 
applicable agreement for further details.



+---------------------------------------------------------------+
; MIF/HEX Update Summary                                        ;
+-----------------------+---------------------------------------+
; MIF/HEX Update Status ; Successful - Tue Oct 27 23:27:50 2015 ;
; Revision Name         ; MyPiano                               ;
; Top-level Entity Name ; MyPianoSchem                          ;
; Family                ; Cyclone IV E                          ;
; Device                ; EP4CE10E22C8                          ;
+-----------------------+---------------------------------------+


+----------------------------------------------+
; MIF/HEX Update Processed Files               ;
+----------------------------------------------+
; File Name                                    ;
+----------------------------------------------+
; C:/MyDocuments/Files/Alrera/MyPiano/Note.mif ;
; C:/MyDocuments/Files/Alrera/MyPiano/Tone.mif ;
+----------------------------------------------+


+-------------------------+
; MIF/HEX Update Messages ;
+-------------------------+
Info: *******************************************************************
Info: Running Quartus II 64-Bit MIF/HEX Update
    Info: Version 13.0.0 Build 156 04/24/2013 SJ Web Edition
    Info: Processing started: Tue Oct 27 23:27:50 2015
Info: Command: quartus_cdb MyPiano -c MyPiano --update_mif
Info (39024): Processed the following Memory Initialization File(s)
    Info (39025): Processed Memory Initialization File C:/MyDocuments/Files/Alrera/MyPiano/Note.mif
    Info (39025): Processed Memory Initialization File C:/MyDocuments/Files/Alrera/MyPiano/Tone.mif
Info: Quartus II 64-Bit MIF/HEX Update was successful. 0 errors, 0 warnings
    Info: Peak virtual memory: 425 megabytes
    Info: Processing ended: Tue Oct 27 23:27:50 2015
    Info: Elapsed time: 00:00:00
    Info: Total CPU time (on all processors): 00:00:01


